This is pdfTeX, Version 3.141592653-2.6-1.40.24 (TeX Live 2022) (preloaded format=pdflatex 2022.9.8)  30 NOV 2022 11:29
entering extended mode
 restricted \write18 enabled.
 %&-line parsing enabled.
**diff_final_report.tex
(./diff_final_report.tex
LaTeX2e <2022-06-01> patch level 5
L3 programming layer <2022-08-30>
(c:/texlive/2022/texmf-dist/tex/latex/paper/journal.cls
Document Class: journal 2008/05/30 1.0l LaTeX document class (wm).
(c:/texlive/2022/texmf-dist/tex/latex/paper/paper.cls
Document Class: paper 2008/05/30 1.0l LaTeX document class (wm).
\hours=\count185
\minutes=\count186
(c:/texlive/2022/texmf-dist/tex/latex/base/size10.clo
File: size10.clo 2021/10/04 v1.4n Standard LaTeX file (size option)
)
\beforetitlespace=\skip47
\c@part=\count187
\c@section=\count188
\c@subsection=\count189
\c@subsubsection=\count190
\c@paragraph=\count191
\c@subparagraph=\count192
\exampleindent=\skip48
\c@figure=\count193
\c@table=\count194
\abovecaptionskip=\skip49
\belowcaptionskip=\skip50
\bibindent=\dimen138
))
(c:/texlive/2022/texmf-dist/tex/latex/graphics/graphicx.sty
Package: graphicx 2021/09/16 v1.2d Enhanced LaTeX Graphics (DPC,SPQR)

(c:/texlive/2022/texmf-dist/tex/latex/graphics/keyval.sty
Package: keyval 2022/05/29 v1.15 key=value parser (DPC)
\KV@toks@=\toks16
)
(c:/texlive/2022/texmf-dist/tex/latex/graphics/graphics.sty
Package: graphics 2022/03/10 v1.4e Standard LaTeX Graphics (DPC,SPQR)

(c:/texlive/2022/texmf-dist/tex/latex/graphics/trig.sty
Package: trig 2021/08/11 v1.11 sin cos tan (DPC)
)
(c:/texlive/2022/texmf-dist/tex/latex/graphics-cfg/graphics.cfg
File: graphics.cfg 2016/06/04 v1.11 sample graphics configuration
)
Package graphics Info: Driver file: pdftex.def on input line 107.

(c:/texlive/2022/texmf-dist/tex/latex/graphics-def/pdftex.def
File: pdftex.def 2020/10/05 v1.2a Graphics/color driver for pdftex
))
\Gin@req@height=\dimen139
\Gin@req@width=\dimen140
)
(c:/texlive/2022/texmf-dist/tex/latex/float/float.sty
Package: float 2001/11/08 v1.3d Float enhancements (AL)
\c@float@type=\count195
\float@exts=\toks17
\float@box=\box51
\@float@everytoks=\toks18
\@floatcapt=\box52
)
(c:/texlive/2022/texmf-dist/tex/generic/ulem/ulem.sty
\UL@box=\box53
\UL@hyphenbox=\box54
\UL@skip=\skip51
\UL@hook=\toks19
\UL@height=\dimen141
\UL@pe=\count196
\UL@pixel=\dimen142
\ULC@box=\box55
Package: ulem 2019/11/18
\ULdepth=\dimen143
)
(c:/texlive/2022/texmf-dist/tex/latex/graphics/color.sty
Package: color 2022/01/06 v1.3d Standard LaTeX Color (DPC)

(c:/texlive/2022/texmf-dist/tex/latex/graphics-cfg/color.cfg
File: color.cfg 2016/01/02 v1.6 sample color configuration
)
Package color Info: Driver file: pdftex.def on input line 149.

(c:/texlive/2022/texmf-dist/tex/latex/graphics/mathcolor.ltx))
(c:/texlive/2022/texmf-dist/tex/latex/oberdiek/settobox.sty
Package: settobox 2016/05/16 v1.5 Assign box dimensions to length registers (HO
)
)
(c:/texlive/2022/texmf-dist/tex/latex/letltxmacro/letltxmacro.sty
Package: letltxmacro 2019/12/03 v1.6 Let assignment for LaTeX macros (HO)
)
\DIFdelgraphicsbox=\box56
\DIFdelgraphicswidth=\skip52
\DIFdelgraphicsheight=\skip53
LaTeX Info: Redefining \DIFaddbegin on input line 60.
LaTeX Info: Redefining \DIFaddend on input line 61.
LaTeX Info: Redefining \DIFdelbegin on input line 62.
LaTeX Info: Redefining \DIFdelend on input line 63.
LaTeX Info: Redefining \DIFaddbeginFL on input line 68.
LaTeX Info: Redefining \DIFaddendFL on input line 69.
LaTeX Info: Redefining \DIFdelbeginFL on input line 70.
LaTeX Info: Redefining \DIFdelendFL on input line 71.

(c:/texlive/2022/texmf-dist/tex/latex/listings/listings.sty
\lst@mode=\count197
\lst@gtempboxa=\box57
\lst@token=\toks20
\lst@length=\count198
\lst@currlwidth=\dimen144
\lst@column=\count199
\lst@pos=\count266
\lst@lostspace=\dimen145
\lst@width=\dimen146
\lst@newlines=\count267
\lst@lineno=\count268
\lst@maxwidth=\dimen147

(c:/texlive/2022/texmf-dist/tex/latex/listings/lstmisc.sty
File: lstmisc.sty 2020/03/24 1.8d (Carsten Heinz)
\c@lstnumber=\count269
\lst@skipnumbers=\count270
\lst@framebox=\box58
)
(c:/texlive/2022/texmf-dist/tex/latex/listings/listings.cfg
File: listings.cfg 2020/03/24 1.8d listings configuration
))
Package: listings 2020/03/24 1.8d (Carsten Heinz)

(c:/texlive/2022/texmf-dist/tex/latex/l3backend/l3backend-pdftex.def
File: l3backend-pdftex.def 2022-08-30 L3 backend support: PDF output (pdfTeX)
\l__color_backend_stack_int=\count271
\l__pdf_internal_box=\box59
)
(./diff_final_report.aux)
\openout1 = `diff_final_report.aux'.

LaTeX Font Info:    Checking defaults for OML/cmm/m/it on input line 90.
LaTeX Font Info:    ... okay on input line 90.
LaTeX Font Info:    Checking defaults for OMS/cmsy/m/n on input line 90.
LaTeX Font Info:    ... okay on input line 90.
LaTeX Font Info:    Checking defaults for OT1/cmr/m/n on input line 90.
LaTeX Font Info:    ... okay on input line 90.
LaTeX Font Info:    Checking defaults for T1/cmr/m/n on input line 90.
LaTeX Font Info:    ... okay on input line 90.
LaTeX Font Info:    Checking defaults for TS1/cmr/m/n on input line 90.
LaTeX Font Info:    ... okay on input line 90.
LaTeX Font Info:    Checking defaults for OMX/cmex/m/n on input line 90.
LaTeX Font Info:    ... okay on input line 90.
LaTeX Font Info:    Checking defaults for U/cmr/m/n on input line 90.
LaTeX Font Info:    ... okay on input line 90.

(c:/texlive/2022/texmf-dist/tex/context/base/mkii/supp-pdf.mkii
[Loading MPS to PDF converter (version 2006.09.02).]
\scratchcounter=\count272
\scratchdimen=\dimen148
\scratchbox=\box60
\nofMPsegments=\count273
\nofMParguments=\count274
\everyMPshowfont=\toks21
\MPscratchCnt=\count275
\MPscratchDim=\dimen149
\MPnumerator=\count276
\makeMPintoPDFobject=\count277
\everyMPtoPDFconversion=\toks22
) (c:/texlive/2022/texmf-dist/tex/latex/epstopdf-pkg/epstopdf-base.sty
Package: epstopdf-base 2020-01-24 v2.11 Base part for package epstopdf
Package epstopdf-base Info: Redefining graphics rule for `.eps' on input line 4
85.

(c:/texlive/2022/texmf-dist/tex/latex/latexconfig/epstopdf-sys.cfg
File: epstopdf-sys.cfg 2010/07/13 v1.3 Configuration of (r)epstopdf for TeX Liv
e
))
\c@lstlisting=\count278
LaTeX Font Info:    External font `cmex10' loaded for size
(Font)              <14.4> on input line 92.
LaTeX Font Info:    External font `cmex10' loaded for size
(Font)              <7> on input line 92.

Article: 

Underfull \hbox (badness 10000) in paragraph at lines 94--96

 []


Underfull \hbox (badness 10000) in paragraph at lines 102--103

 []

[1


{c:/texlive/2022/texmf-var/fonts/map/pdftex/updmap/pdftex.map}]
Overfull \hbox (3.15622pt too wide) in paragraph at lines 118--119
[]|   []   |   []   |   []   |   []   |   []   |   []   |   []   |   []   |   [
]   |   []   |   []   |   []
 []

LaTeX Font Info:    External font `cmex10' loaded for size
(Font)              <5> on input line 125.

Underfull \hbox (badness 10000) in paragraph at lines 125--126

 []

<../graphics/aoa-coefficients.pdf, id=10, 289.08pt x 216.81pt>
File: ../graphics/aoa-coefficients.pdf Graphic file (type pdf)
<use ../graphics/aoa-coefficients.pdf>
Package pdftex.def Info: ../graphics/aoa-coefficients.pdf  used on input line 1
29.
(pdftex.def)             Requested size: 289.07928pt x 216.80946pt.

Underfull \hbox (badness 10000) in paragraph at lines 135--136

 []

[2 <../graphics/aoa-coefficients.pdf>]
Underfull \hbox (badness 10000) in paragraph at lines 138--139

 []

<../graphics/airfoil-compare.pdf, id=50, 289.08pt x 216.81pt>
File: ../graphics/airfoil-compare.pdf Graphic file (type pdf)
<use ../graphics/airfoil-compare.pdf>
Package pdftex.def Info: ../graphics/airfoil-compare.pdf  used on input line 14
2.
(pdftex.def)             Requested size: 289.07928pt x 216.80946pt.

Underfull \hbox (badness 10000) in paragraph at lines 148--149

 []


Underfull \hbox (badness 10000) in paragraph at lines 151--152

 []

[3 <../graphics/airfoil-compare.pdf>]
<../graphics/altered-reynolds.pdf, id=92, 289.08pt x 216.81pt>
File: ../graphics/altered-reynolds.pdf Graphic file (type pdf)
<use ../graphics/altered-reynolds.pdf>
Package pdftex.def Info: ../graphics/altered-reynolds.pdf  used on input line 1
55.
(pdftex.def)             Requested size: 289.07928pt x 216.80946pt.

Underfull \hbox (badness 10000) in paragraph at lines 161--162

 []


Underfull \hbox (badness 10000) in paragraph at lines 164--165

 []

[4 <../graphics/altered-reynolds.pdf>]
<../graphics/altered-thickness.pdf, id=126, 289.08pt x 216.81pt>
File: ../graphics/altered-thickness.pdf Graphic file (type pdf)
<use ../graphics/altered-thickness.pdf>
Package pdftex.def Info: ../graphics/altered-thickness.pdf  used on input line 
168.
(pdftex.def)             Requested size: 289.07928pt x 216.80946pt.

Underfull \hbox (badness 10000) in paragraph at lines 174--175

 []


Underfull \hbox (badness 10000) in paragraph at lines 176--177

 []

<../graphics/altered-camber.pdf, id=127, 289.08pt x 216.81pt>
File: ../graphics/altered-camber.pdf Graphic file (type pdf)
<use ../graphics/altered-camber.pdf>
Package pdftex.def Info: ../graphics/altered-camber.pdf  used on input line 180
.
(pdftex.def)             Requested size: 289.07928pt x 216.80946pt.
[5 <../graphics/altered-thickness.pdf>]
Underfull \hbox (badness 10000) in paragraph at lines 186--187

 []


Underfull \hbox (badness 10000) in paragraph at lines 194--197

 []


Overfull \hbox (2.96176pt too wide) in paragraph at lines 209--211
[]|   []   |   []   |   []   |   []   |   []   |   []   |   []   |   []   |   [
]
 []

[6 <../graphics/altered-camber.pdf>]
Overfull \hbox (5.6006pt too wide) in paragraph at lines 212--213
[]|   []   |   []   |   []   |   []   |   []   |   []   |   []   |   []   |   [
]   |   []   |   []   |   []
 []


Underfull \hbox (badness 10000) in paragraph at lines 220--221

 []


Underfull \hbox (badness 10000) in paragraph at lines 232--233

 []

<../graphics/efficiency.pdf, id=210, 289.08pt x 216.81pt>
File: ../graphics/efficiency.pdf Graphic file (type pdf)
<use ../graphics/efficiency.pdf>
Package pdftex.def Info: ../graphics/efficiency.pdf  used on input line 236.
(pdftex.def)             Requested size: 289.07928pt x 216.80946pt.

Underfull \hbox (badness 10000) in paragraph at lines 242--243

 []

[7 <../graphics/efficiency.pdf>]
Underfull \hbox (badness 10000) in paragraph at lines 246--247

 []


Underfull \hbox (badness 10000) in paragraph at lines 258--259

 []

<../graphics/vtail-stability.pdf, id=242, 289.08pt x 216.81pt>
File: ../graphics/vtail-stability.pdf Graphic file (type pdf)
<use ../graphics/vtail-stability.pdf>
Package pdftex.def Info: ../graphics/vtail-stability.pdf  used on input line 26
2.
(pdftex.def)             Requested size: 211.02664pt x 158.26997pt.
<../graphics/htail-stability.pdf, id=243, 289.08pt x 216.81pt>
File: ../graphics/htail-stability.pdf Graphic file (type pdf)
<use ../graphics/htail-stability.pdf>
Package pdftex.def Info: ../graphics/htail-stability.pdf  used on input line 26
9.
(pdftex.def)             Requested size: 211.02664pt x 158.26997pt.
[8 <../graphics/vtail-stability.pdf>]
Underfull \hbox (badness 10000) in paragraph at lines 275--276

 []


Underfull \hbox (badness 10000) in paragraph at lines 279--280

 []

<../graphics/aoa-lift.pdf, id=283, 289.08pt x 216.81pt>
File: ../graphics/aoa-lift.pdf Graphic file (type pdf)
<use ../graphics/aoa-lift.pdf>
Package pdftex.def Info: ../graphics/aoa-lift.pdf  used on input line 283.
(pdftex.def)             Requested size: 289.07928pt x 216.80946pt.
[9 <../graphics/htail-stability.pdf>]
Underfull \hbox (badness 10000) in paragraph at lines 289--290

 []


Underfull \hbox (badness 10000) in paragraph at lines 297--298

 []

[10 <../graphics/aoa-lift.pdf>]
Overfull \hbox (5.48955pt too wide) in paragraph at lines 304--306
[]|   []   |   []   |   []   |   []   |   []   |   []   |   []   |   []   |   [
]   |   []   |   []
 []


Underfull \hbox (badness 10000) in paragraph at lines 316--317

 []


Underfull \hbox (badness 10000) in paragraph at lines 329--330

 []


Underfull \hbox (badness 10000) in paragraph at lines 331--332

 []

[11]
<../graphics/ideal_attributes.jpg, id=368, 338.4645pt x 76.48575pt>
File: ../graphics/ideal_attributes.jpg Graphic file (type jpg)
<use ../graphics/ideal_attributes.jpg>
Package pdftex.def Info: ../graphics/ideal_attributes.jpg  used on input line 3
60.
(pdftex.def)             Requested size: 338.46367pt x 76.48553pt.
<../graphics/ideal_design.pdf, id=369, 289.08pt x 216.81pt>
File: ../graphics/ideal_design.pdf Graphic file (type pdf)
<use ../graphics/ideal_design.pdf>
Package pdftex.def Info: ../graphics/ideal_design.pdf  used on input line 366.
(pdftex.def)             Requested size: 289.07928pt x 216.80946pt.
 [12 <../graphics/ideal_attributes.jpg>]
Underfull \hbox (badness 10000) in paragraph at lines 372--373

 []


Underfull \hbox (badness 10000) in paragraph at lines 376--377

 []

<../graphics/chord_design.pdf, id=374, 289.08pt x 216.81pt>
File: ../graphics/chord_design.pdf Graphic file (type pdf)
<use ../graphics/chord_design.pdf>
Package pdftex.def Info: ../graphics/chord_design.pdf  used on input line 379.
(pdftex.def)             Requested size: 289.07928pt x 216.80946pt.
[13 <../graphics/ideal_design.pdf>]
Underfull \hbox (badness 10000) in paragraph at lines 385--386

 []


LaTeX Warning: Reference `fig:chord_cl' on page 14 undefined on input line 387.



LaTeX Warning: Reference `fig:chord_cd' on page 14 undefined on input line 387.


<../graphics/chord_coeff.pdf, id=399, 289.08pt x 216.81pt>
File: ../graphics/chord_coeff.pdf Graphic file (type pdf)
<use ../graphics/chord_coeff.pdf>
Package pdftex.def Info: ../graphics/chord_coeff.pdf  used on input line 392.
(pdftex.def)             Requested size: 289.07928pt x 216.80946pt.
[14 <../graphics/chord_design.pdf>]
Underfull \hbox (badness 10000) in paragraph at lines 414--415

 []


LaTeX Warning: Reference `fig:wingtail_cl' on page 15 undefined on input line 4
16.


LaTeX Warning: Reference `fig:wingtail_cd' on page 15 undefined on input line 4
16.

<../graphics/wingtail_coeff.pdf, id=424, 289.08pt x 216.81pt>
File: ../graphics/wingtail_coeff.pdf Graphic file (type pdf)
<use ../graphics/wingtail_coeff.pdf>
Package pdftex.def Info: ../graphics/wingtail_coeff.pdf  used on input line 421
.
(pdftex.def)             Requested size: 289.07928pt x 216.80946pt.
[15 <../graphics/chord_coeff.pdf>]
<../graphics/length_design.pdf, id=466, 289.08pt x 216.81pt>
File: ../graphics/length_design.pdf Graphic file (type pdf)
<use ../graphics/length_design.pdf>
Package pdftex.def Info: ../graphics/length_design.pdf  used on input line 444.

(pdftex.def)             Requested size: 289.07928pt x 216.80946pt.
 [16 <../graphics/wingtail_coeff.pdf>]
Underfull \hbox (badness 10000) in paragraph at lines 458--459

 []

<../graphics/cl_dist.pdf, id=508, 289.08pt x 216.81pt>
File: ../graphics/cl_dist.pdf Graphic file (type pdf)
<use ../graphics/cl_dist.pdf>
Package pdftex.def Info: ../graphics/cl_dist.pdf  used on input line 461.
(pdftex.def)             Requested size: 289.07928pt x 216.80946pt.
<../graphics/cl_dist_compare.pdf, id=509, 289.08pt x 216.81pt>
File: ../graphics/cl_dist_compare.pdf Graphic file (type pdf)
<use ../graphics/cl_dist_compare.pdf>
Package pdftex.def Info: ../graphics/cl_dist_compare.pdf  used on input line 46
7.
(pdftex.def)             Requested size: 289.07928pt x 216.80946pt.
[17 <../graphics/length_design.pdf>] [18 <../graphics/cl_dist.pdf>]

LaTeX Warning: Reference `fig:taper_cl' on page 19 undefined on input line 473.



LaTeX Warning: Reference `fig:taper_cd' on page 19 undefined on input line 473.


<../graphics/taper_coeff.pdf, id=586, 289.08pt x 216.81pt>
File: ../graphics/taper_coeff.pdf Graphic file (type pdf)
<use ../graphics/taper_coeff.pdf>
Package pdftex.def Info: ../graphics/taper_coeff.pdf  used on input line 478.
(pdftex.def)             Requested size: 289.07928pt x 216.80946pt.
[19 <../graphics/cl_dist_compare.pdf>]
<../graphics/taper_design.pdf, id=639, 289.08pt x 216.81pt>
File: ../graphics/taper_design.pdf Graphic file (type pdf)
<use ../graphics/taper_design.pdf>
Package pdftex.def Info: ../graphics/taper_design.pdf  used on input line 501.
(pdftex.def)             Requested size: 289.07928pt x 216.80946pt.
 [20 <../graphics/taper_coeff.pdf>]
Overfull \hbox (4.58392pt too wide) in paragraph at lines 532--534
[]|   []   |   []   |   []   |   []   |   []   |   []   |   []   |   []   |   [
]   |   []   |   []   |   []   |   []
 []

[21 <../graphics/taper_design.pdf>]

LaTeX Warning: Reference `fig:airfoil-diagram' on page 22 undefined on input li
ne 538.


LaTeX Warning: Reference `fig:airfoil-diagram' on page 22 undefined on input li
ne 541.


LaTeX Warning: Reference `fig:airfoil-diagram' on page 22 undefined on input li
ne 544.


LaTeX Warning: Reference `eqn:drag' on page 22 undefined on input line 571.


LaTeX Warning: Reference `eqn:lift' on page 22 undefined on input line 584.


LaTeX Warning: Reference `eqn:moment' on page 22 undefined on input line 597.


Overfull \hbox (24.66733pt too wide) in paragraph at lines 597--598
[]|   []   |   []   |   []   |   []   |   []   |   []   |   []   |   []   |   [
]   |   []   |   []
 []

[22]

LaTeX Warning: Reference `eqn:velocity' on page 23 undefined on input line 616.



Overfull \hbox (15.5284pt too wide) in paragraph at lines 616--617
[]|   []   |   []   |   []   |   []   |   []   |   []   |   []   |   []   |   [
]   |   []   |   []
 []


Overfull \hbox (8.69504pt too wide) in paragraph at lines 616--617
|   []   |   []   |   []   |   []   |   []   |   []   |   []   |   []   |   [] 
  |   []   |   []   |   []
 []


Overfull \hbox (23.00401pt too wide) in paragraph at lines 616--617
|   []   |   []   |   []   |   []   |   []   |   []   |   []   |   []   |   []
 []


LaTeX Warning: Reference `fig:lift-curve-slope' on page 23 undefined on input l
ine 632.


LaTeX Warning: Reference `fig:sweep' on page 23 undefined on input line 650.


Overfull \hbox (2.25055pt too wide) in paragraph at lines 650--651
[]|   []   |   []   |   []   |   []   |   []   |   []   |   []   |   []   |   [
]   |   []   |   []   |   []
 []


LaTeX Warning: Reference `eqn:aspect-ratio-wiki' on page 23 undefined on input 
line 668.


LaTeX Warning: Reference `fig:downwash-wakevortex' on page 23 undefined on inpu
t line 680.


LaTeX Warning: Reference `fig:downwash-wakevortex' on page 23 undefined on inpu
t line 683.


Overfull \hbox (7.33388pt too wide) in paragraph at lines 683--684
[]|   []   |   []   |   []   |   []   |   []   |   []   |   []   |   []   |   [
]   |   []   |   []
 []

[23]

LaTeX Warning: Reference `eqn:efficiency-wiki' on page 24 undefined on input li
ne 704.


LaTeX Warning: Reference `fig:design-process' on page 24 undefined on input lin
e 753.


LaTeX Warning: Reference `fig:optimization' on page 24 undefined on input line 
772.

[24] (./diff_final_report.aux)

LaTeX Warning: There were undefined references.

 ) 
Here is how much of TeX's memory you used:
 3400 strings out of 475075
 55565 string characters out of 5783002
 459142 words of memory out of 5000000
 24773 multiletter control sequences out of 15000+600000
 474306 words of font info for 45 fonts, out of 8000000 for 9000
 1141 hyphenation exceptions out of 8191
 55i,9n,62p,1155b,331s stack positions out of 10000i,1000n,20000p,200000b,200000s
<c:/texlive/2022/texmf-dist/fonts/type1/public/amsfonts/cm/cmbx10.pfb><c:/tex
live/2022/texmf-dist/fonts/type1/public/amsfonts/cm/cmex10.pfb><c:/texlive/2022
/texmf-dist/fonts/type1/public/amsfonts/cm/cmmi10.pfb><c:/texlive/2022/texmf-di
st/fonts/type1/public/amsfonts/cm/cmmi7.pfb><c:/texlive/2022/texmf-dist/fonts/t
ype1/public/amsfonts/cm/cmr10.pfb><c:/texlive/2022/texmf-dist/fonts/type1/publi
c/amsfonts/cm/cmr7.pfb><c:/texlive/2022/texmf-dist/fonts/type1/public/amsfonts/
cm/cmr9.pfb><c:/texlive/2022/texmf-dist/fonts/type1/public/amsfonts/cm/cmss10.p
fb><c:/texlive/2022/texmf-dist/fonts/type1/public/amsfonts/cm/cmss9.pfb><c:/tex
live/2022/texmf-dist/fonts/type1/public/amsfonts/cm/cmssbx10.pfb><c:/texlive/20
22/texmf-dist/fonts/type1/public/amsfonts/cm/cmssi12.pfb><c:/texlive/2022/texmf
-dist/fonts/type1/public/amsfonts/cm/cmsy10.pfb><c:/texlive/2022/texmf-dist/fon
ts/type1/public/amsfonts/cm/cmti10.pfb><c:/texlive/2022/texmf-dist/fonts/type1/
public/amsfonts/latxfont/lasy6.pfb>
Output written on diff_final_report.pdf (24 pages, 440226 bytes).
PDF statistics:
 773 PDF objects out of 1000 (max. 8388607)
 238 compressed objects within 3 object streams
 0 named destinations out of 1000 (max. 500000)
 96 words of extra memory for PDF output out of 10000 (max. 10000000)

